0 info it worked if it ends with ok
1 verbose cli [ '/usr/local/Cellar/node/0.10.5/bin/node',
1 verbose cli   '/usr/local/bin/npm',
1 verbose cli   'install',
1 verbose cli   '-g',
1 verbose cli   'jsctags' ]
2 info using npm@1.2.18
3 info using node@v0.10.5
4 verbose read json /usr/local/share/npm/lib/package.json
5 verbose read json /usr/local/share/npm/lib/package.json
6 verbose cache add [ 'jsctags', null ]
7 verbose cache add name=undefined spec="jsctags" args=["jsctags",null]
8 verbose parsed url { protocol: null,
8 verbose parsed url   slashes: null,
8 verbose parsed url   auth: null,
8 verbose parsed url   host: null,
8 verbose parsed url   port: null,
8 verbose parsed url   hostname: null,
8 verbose parsed url   hash: null,
8 verbose parsed url   search: null,
8 verbose parsed url   query: null,
8 verbose parsed url   pathname: 'jsctags',
8 verbose parsed url   path: 'jsctags',
8 verbose parsed url   href: 'jsctags' }
9 silly lockFile b4398021-jsctags jsctags
10 verbose lock jsctags /Users/taichou/.npm/b4398021-jsctags.lock
11 silly lockFile b4398021-jsctags jsctags
12 silly lockFile b4398021-jsctags jsctags
13 verbose addNamed [ 'jsctags', '' ]
14 verbose addNamed [ null, '' ]
15 silly lockFile 9f76ee6d-jsctags jsctags@
16 verbose lock jsctags@ /Users/taichou/.npm/9f76ee6d-jsctags.lock
17 silly addNameRange { name: 'jsctags', range: '', hasData: false }
18 verbose url raw jsctags
19 verbose url resolving [ 'https://registry.npmjs.org/', './jsctags' ]
20 verbose url resolved https://registry.npmjs.org/jsctags
21 info trying registry request attempt 1 at 01:21:51
22 verbose etag "DKAEEEOJSWJZCR3H68DIWC5M7"
23 http GET https://registry.npmjs.org/jsctags
24 http 304 https://registry.npmjs.org/jsctags
25 silly registry.get cb [ 304,
25 silly registry.get   { server: 'CouchDB/1.3.0 (Erlang OTP/R15B03)',
25 silly registry.get     etag: '"DKAEEEOJSWJZCR3H68DIWC5M7"',
25 silly registry.get     date: 'Fri, 28 Jun 2013 16:21:52 GMT',
25 silly registry.get     'content-length': '0' } ]
26 verbose etag jsctags from cache
27 silly addNameRange number 2 { name: 'jsctags', range: '', hasData: true }
28 silly addNameRange versions [ 'jsctags', [ '0.1.0' ] ]
29 verbose addNamed [ 'jsctags', '0.1.0' ]
30 verbose addNamed [ '0.1.0', '0.1.0' ]
31 silly lockFile 8e398543-jsctags-0-1-0 jsctags@0.1.0
32 verbose lock jsctags@0.1.0 /Users/taichou/.npm/8e398543-jsctags-0-1-0.lock
33 verbose read json /Users/taichou/.npm/jsctags/0.1.0/package/package.json
34 silly lockFile 8e398543-jsctags-0-1-0 jsctags@0.1.0
35 silly lockFile 8e398543-jsctags-0-1-0 jsctags@0.1.0
36 silly lockFile 9f76ee6d-jsctags jsctags@
37 silly lockFile 9f76ee6d-jsctags jsctags@
38 silly resolved [ { name: 'jsctags',
38 silly resolved     description: 'Intelligent code indexing for JavaScript',
38 silly resolved     version: '0.1.0',
38 silly resolved     keywords: [ 'ctags', 'tags', 'doctorjs' ],
38 silly resolved     maintainers: [ [Object] ],
38 silly resolved     contributors: [ [Object], [Object] ],
38 silly resolved     bugs: 'http://github.com/drudge/doctorjs/issues',
38 silly resolved     licenses: [ [Object], [Object], [Object] ],
38 silly resolved     repositories: [ [Object] ],
38 silly resolved     dependencies: {},
38 silly resolved     homepage: 'http://github.com/drudge/jsctags/',
38 silly resolved     engine: [ 'node' ],
38 silly resolved     bin: { jsctags: './bin/jsctags.js' },
38 silly resolved     preferGlobal: 'true',
38 silly resolved     readme: '#### usage\n    node index.js example.js\n    \n#### output\n[public gist](https://gist.github.com/2777867)',
38 silly resolved     readmeFilename: 'readme.md',
38 silly resolved     _id: 'jsctags@0.1.0',
38 silly resolved     _from: 'jsctags@' } ]
39 info install jsctags@0.1.0 into /usr/local/share/npm/lib
40 info installOne jsctags@0.1.0
41 verbose from cache /Users/taichou/.npm/jsctags/0.1.0/package/package.json
42 info /usr/local/share/npm/lib/node_modules/jsctags unbuild
43 verbose read json /usr/local/share/npm/lib/node_modules/jsctags/package.json
44 info preuninstall jsctags@0.1.0
45 info uninstall jsctags@0.1.0
46 verbose true,/usr/local/share/npm/lib/node_modules,/usr/local/share/npm/lib/node_modules unbuild jsctags@0.1.0
47 verbose /usr/local/share/npm/bin,[object Object] binRoot
48 info postuninstall jsctags@0.1.0
49 info /usr/local/share/npm/lib/node_modules/jsctags unbuild
50 verbose read json /usr/local/share/npm/lib/node_modules/jsctags/package.json
51 info preuninstall jsctags@0.1.0
52 info uninstall jsctags@0.1.0
53 verbose true,/usr/local/share/npm/lib/node_modules,/usr/local/share/npm/lib/node_modules unbuild jsctags@0.1.0
54 verbose /usr/local/share/npm/bin,[object Object] binRoot
55 info postuninstall jsctags@0.1.0
56 error error rolling back Error: EACCES, unlink '/usr/local/share/npm/lib/node_modules/jsctags/.npmignore'
56 error error rolling back  jsctags@0.1.0 { [Error: EACCES, unlink '/usr/local/share/npm/lib/node_modules/jsctags/.npmignore']
56 error error rolling back   errno: 3,
56 error error rolling back   code: 'EACCES',
56 error error rolling back   path: '/usr/local/share/npm/lib/node_modules/jsctags/.npmignore' }
57 error Error: EACCES, unlink '/usr/local/share/npm/lib/node_modules/jsctags/.npmignore'
57 error  { [Error: EACCES, unlink '/usr/local/share/npm/lib/node_modules/jsctags/.npmignore']
57 error   errno: 3,
57 error   code: 'EACCES',
57 error   path: '/usr/local/share/npm/lib/node_modules/jsctags/.npmignore' }
58 error Please try running this command again as root/Administrator.
59 error System Darwin 12.4.0
60 error command "/usr/local/Cellar/node/0.10.5/bin/node" "/usr/local/bin/npm" "install" "-g" "jsctags"
61 error cwd /Users/taichou/dotfiles/.vim/config
62 error node -v v0.10.5
63 error npm -v 1.2.18
64 error path /usr/local/share/npm/lib/node_modules/jsctags/.npmignore
65 error code EACCES
66 error errno 3
67 error stack Error: EACCES, unlink '/usr/local/share/npm/lib/node_modules/jsctags/.npmignore'
68 verbose exit [ 3, true ]
